Running on node: c005
Available GPUs:
Mon Oct 13 14:35:19 2025       
+-----------------------------------------------------------------------------------------+
| NVIDIA-SMI 570.86.15              Driver Version: 570.86.15      CUDA Version: 12.8     |
|-----------------------------------------+------------------------+----------------------+
| GPU  Name                 Persistence-M | Bus-Id          Disp.A | Volatile Uncorr. ECC |
| Fan  Temp   Perf          Pwr:Usage/Cap |           Memory-Usage | GPU-Util  Compute M. |
|                                         |                        |               MIG M. |
|=========================================+========================+======================|
|   0  NVIDIA A100-SXM4-80GB          On  |   00000000:07:00.0 Off |                    0 |
| N/A   28C    P0             55W /  400W |       1MiB /  81920MiB |      0%      Default |
|                                         |                        |             Disabled |
+-----------------------------------------+------------------------+----------------------+
                                                                                         
+-----------------------------------------------------------------------------------------+
| Processes:                                                                              |
|  GPU   GI   CI              PID   Type   Process name                        GPU Memory |
|        ID   ID                                                               Usage      |
|=========================================================================================|
|  No running processes found                                                             |
+-----------------------------------------------------------------------------------------+
Checking χ (output derivative) on SST-2 examples:
======================================================================
Ex 0: label=0 | f(x)= -0.12 | χ= +1.770 ✓
Ex 1: label=0 | f(x)= +0.50 | χ= +3.001 ✗
Ex 2: label=1 | f(x)= +1.84 | χ= +1.682 ✓
Ex 3: label=0 | f(x)= +0.96 | χ= +3.927 ✗
Ex 4: label=0 | f(x)= -0.55 | χ= +0.900 ✓
Ex 5: label=0 | f(x)= +0.22 | χ= +2.437 ✗
Ex 6: label=1 | f(x)= +1.47 | χ= +0.950 ✓
Ex 7: label=1 | f(x)= +0.78 | χ= -0.449 ✓
Ex 8: label=0 | f(x)= +0.06 | χ= +2.111 ✗
Ex 9: label=1 | f(x)= -0.01 | χ= -2.019 ✗
======================================================================
Average |χ|: 1.924
Max |χ|: 3.927

If average |χ| < 5, task is probably 'natural' for kernel behavior!
