Running on node: h14
Available GPUs:
Mon Oct 13 22:22:40 2025       
+-----------------------------------------------------------------------------------------+
| NVIDIA-SMI 570.86.15              Driver Version: 570.86.15      CUDA Version: 12.8     |
|-----------------------------------------+------------------------+----------------------+
| GPU  Name                 Persistence-M | Bus-Id          Disp.A | Volatile Uncorr. ECC |
| Fan  Temp   Perf          Pwr:Usage/Cap |           Memory-Usage | GPU-Util  Compute M. |
|                                         |                        |               MIG M. |
|=========================================+========================+======================|
|   0  NVIDIA H100 80GB HBM3          On  |   00000000:E3:00.0 Off |                    0 |
| N/A   28C    P0             68W /  700W |       1MiB /  81559MiB |      0%      Default |
|                                         |                        |             Disabled |
+-----------------------------------------+------------------------+----------------------+
                                                                                         
+-----------------------------------------------------------------------------------------+
| Processes:                                                                              |
|  GPU   GI   CI              PID   Type   Process name                        GPU Memory |
|        ID   ID                                                               Usage      |
|=========================================================================================|
|  No running processes found                                                             |
+-----------------------------------------------------------------------------------------+
Kernel shape: (16, 16)
Labels: [1 1 1 1 1 1 1 1 0 0 0 0 0 0 0 0]
Signed labels: [ 1  1  1  1  1  1  1  1 -1 -1 -1 -1 -1 -1 -1 -1]

======================================================================
Training kernel regression...
======================================================================
λ= 0.001 | Train Acc: 100.0%
λ= 0.010 | Train Acc: 100.0%
λ= 0.100 | Train Acc: 100.0%
λ= 1.000 | Train Acc: 100.0%
λ=10.000 | Train Acc: 100.0%

Best λ: 0.001 (Train Acc: 100.0%)

======================================================================
Computing test set kernel...
======================================================================
Computing kernel for 100 test examples...
  20/100 done
  40/100 done
  60/100 done
  80/100 done
  100/100 done

======================================================================
RESULTS
======================================================================
Train accuracy (kernel): 100.0%
Test accuracy (kernel):  48.0%

This is the eNTK performance!
Next: Compare to actual fine-tuning to see if they match
